[leader] Defining quadrants for simulation 11 : 51x51
[miner1] Gold perceived: gold(7,19)
[miner4] Starting simulation 11
[miner5] Starting simulation 11
[miner6] Starting simulation 11
[miner2] Starting simulation 11
[miner3] Starting simulation 11
[miner6] All golds=[], evaluation=[]
[miner5] All golds=[], evaluation=[]
[miner4] All golds=[], evaluation=[]
[leader] Miner miner4 is in the depot quadrant.
[miner4] New goal is find gold: near_unvisited
[miner5] New goal is find gold: near_unvisited
[miner6] New goal is find gold: near_unvisited
[miner3] I've got my quadrant, changing search gold strategy.
[miner2] I've got my quadrant, changing search gold strategy.
[miner3] All golds=[], evaluation=[]
[miner2] All golds=[], evaluation=[]
[miner3] All golds=[], evaluation=[]
[miner2] All golds=[], evaluation=[]
[miner3] New goal is find gold: quadrant
[miner3] New goal is find gold: quadrant
[miner2] New goal is find gold: quadrant
[miner1] All golds=[gold(7,19)], evaluation=[d(2,gold(7,19),not_committed)]
[miner2] New goal is find gold: quadrant
[miner1] Gold options are [d(2,gold(7,19),not_committed)]. Next gold is gold(7,19)
[miner1] Gold perceived: gold(5,17)
[miner1] All golds=[gold(5,17),gold(7,19)], evaluation=[d(2,gold(5,17),not_committed),d(2,gold(7,19),not_committed)]
[miner1] Gold options are [d(2,gold(5,17),not_committed),d(2,gold(7,19),not_committed)]. Next gold is gold(5,17)
[miner1] Gold perceived: gold(6,19)
[miner1] All golds=[gold(6,19),gold(5,17),gold(7,19)], evaluation=[d(1,gold(6,19),not_committed),d(2,gold(5,17),not_committed),d(2,gold(7,19),not_committed)]
[miner1] Gold options are [d(1,gold(6,19),not_committed),d(2,gold(5,17),not_committed),d(2,gold(7,19),not_committed)]. Next gold is gold(6,19)
[miner1] Starting simulation 11
[miner1] I've got my quadrant, changing search gold strategy.
[miner1] Handling gold(6,19) now.
[miner1] All golds=[gold(6,19),gold(5,17),gold(7,19)], evaluation=[d(1,gold(6,19),not_committed),d(2,gold(5,17),not_committed),d(2,gold(7,19),not_committed)]
[miner1] Gold options are [d(1,gold(6,19),not_committed),d(2,gold(5,17),not_committed),d(2,gold(7,19),not_committed)]. Next gold is gold(6,19)
[leader] Defining quadrants for simulation 11 : 51x51
[leader] Miner miner4 is in the depot quadrant.
[miner1] All golds=[gold(6,19),gold(5,17),gold(7,19)], evaluation=[d(1,gold(6,19),not_committed),d(2,gold(5,17),not_committed),d(2,gold(7,19),not_committed)]
[miner1] Gold options are [d(1,gold(6,19),not_committed),d(2,gold(5,17),not_committed),d(2,gold(7,19),not_committed)]. Next gold is gold(6,19)
[MiningEnvironment] Cycle 1 finished in 121 ms, mean is 121.
[miner1] Picked gold(6,19), I have 1 pieces of gold
[miner1] All golds=[gold(5,17),gold(7,19)], evaluation=[d(3,gold(5,17),not_committed),d(1,gold(7,19),not_committed)]
[miner1] Gold options are [d(3,gold(5,17),not_committed),d(1,gold(7,19),not_committed)]. Next gold is gold(7,19)
[miner1] Handling gold(7,19) now.
[MiningEnvironment] Cycle 2 finished in 130 ms, mean is 125.
[miner6] Gold perceived: gold(19,48)
[miner1] Gold perceived: gold(8,18)
[miner6] All golds=[gold(19,48)], evaluation=[d(2,gold(19,48),not_committed)]
[miner6] Gold options are [d(2,gold(19,48),not_committed)]. Next gold is gold(19,48)
[miner1] All golds=[gold(8,18),gold(5,17),gold(7,19)], evaluation=[d(2,gold(8,18),not_committed),d(4,gold(5,17),not_committed),d(0,gold(7,19),in_my_place)]
[miner6] Dropping search_gold desires and intentions to handle gold
[miner1] Gold options are [d(2,gold(8,18),not_committed),d(4,gold(5,17),not_committed),d(0,gold(7,19),in_my_place)]. Next gold is gold(7,19)
[miner6] Handling gold(19,48) now.
[miner1] Picked gold(7,19), I have 1 pieces of gold
[miner1] All golds=[gold(8,18),gold(5,17)], evaluation=[d(2,gold(8,18),not_committed),d(4,gold(5,17),not_committed)]
[miner1] Gold options are [d(2,gold(8,18),not_committed),d(4,gold(5,17),not_committed)]. Next gold is gold(8,18)
[miner1] Handling gold(8,18) now.
[MiningEnvironment] Cycle 3 finished in 124 ms, mean is 125.
[dummy1] picked gold!
[MiningEnvironment] Cycle 4 finished in 105 ms, mean is 120.
[dummy2] picked gold!
[miner6] Gold perceived: gold(18,49)
[miner1] Gold perceived: gold(7,19)
[miner6] All golds=[gold(18,49),gold(19,48)], evaluation=[d(2,gold(18,49),not_committed),d(0,gold(19,48),in_my_place)]
[miner6] Gold options are [d(2,gold(18,49),not_committed),d(0,gold(19,48),in_my_place)]. Next gold is gold(19,48)
[miner1] All golds=[gold(7,19),gold(8,18),gold(5,17)], evaluation=[d(2,gold(7,19),not_committed),d(0,gold(8,18),in_my_place),d(4,gold(5,17),not_committed)]
[miner1] Gold options are [d(2,gold(7,19),not_committed),d(0,gold(8,18),in_my_place),d(4,gold(5,17),not_committed)]. Next gold is gold(8,18)
[MiningEnvironment] Cycle 5 finished in 113 ms, mean is 118.
[dummy2] picked gold!
[miner6] Picked gold(19,48), I have 1 pieces of gold
[miner1] Picked gold(8,18), I have 2 pieces of gold
[miner6] All golds=[gold(18,49)], evaluation=[d(2,gold(18,49),not_committed)]
[miner1] All golds=[gold(7,19),gold(5,17)], evaluation=[d(2,gold(7,19),not_committed),d(5,gold(5,17),not_committed)]
[miner6] Gold options are [d(2,gold(18,49),not_committed)]. Next gold is gold(18,49)
[miner1] Gold options are [d(2,gold(7,19),not_committed),d(5,gold(5,17),not_committed)]. Next gold is gold(7,19)
[miner6] Handling gold(18,49) now.
[miner1] Handling gold(7,19) now.
[MiningEnvironment] Cycle 6 finished in 111 ms, mean is 117.
[dummy6] picked gold!
[MiningEnvironment] Cycle 7 finished in 104 ms, mean is 115.
[miner6] Gold perceived: gold(17,49)
[miner1] Picked gold(7,19), I have 2 pieces of gold
[dummy3] picked gold!
[miner6] All golds=[gold(17,49),gold(18,49)], evaluation=[d(2,gold(17,49),not_committed),d(1,gold(18,49),not_committed)]
[miner1] All golds=[gold(5,17)], evaluation=[d(5,gold(5,17),not_committed)]
[miner6] Gold options are [d(2,gold(17,49),not_committed),d(1,gold(18,49),not_committed)]. Next gold is gold(18,49)
[miner1] Gold options are [d(5,gold(5,17),not_committed)]. Next gold is gold(5,17)
[miner1] Handling gold(5,17) now.
[MiningEnvironment] Cycle 8 finished in 106 ms, mean is 114.
[dummy6] picked gold!
[MiningEnvironment] Cycle 9 finished in 103 ms, mean is 113.
[miner6] Gold perceived: gold(18,50)
[dummy1] picked gold!
[miner6] All golds=[gold(18,50),gold(17,49),gold(18,49)], evaluation=[d(1,gold(18,50),not_committed),d(1,gold(17,49),not_committed),d(0,gold(18,49),in_my_place)]
[miner6] Gold options are [d(1,gold(18,50),not_committed),d(1,gold(17,49),not_committed),d(0,gold(18,49),in_my_place)]. Next gold is gold(18,49)
[MiningEnvironment] Cycle 10 finished in 105 ms, mean is 112.
[miner6] Picked gold(18,49), I have 2 pieces of gold
[miner6] All golds=[gold(18,50),gold(17,49)], evaluation=[d(1,gold(18,50),not_committed),d(1,gold(17,49),not_committed)]
[miner6] Gold options are [d(1,gold(18,50),not_committed),d(1,gold(17,49),not_committed)]. Next gold is gold(17,49)
[miner6] Handling gold(17,49) now.
[MiningEnvironment] Cycle 11 finished in 107 ms, mean is 111.
[dummy6] picked gold!
[MiningEnvironment] Cycle 12 finished in 102 ms, mean is 110.
[miner6] Gold perceived: gold(16,49)
[dummy6] picked gold!
[miner6] All golds=[gold(16,49),gold(18,50),gold(17,49)], evaluation=[d(1,gold(16,49),not_committed),d(2,gold(18,50),not_committed),d(0,gold(17,49),in_my_place)]
[miner6] Gold options are [d(1,gold(16,49),not_committed),d(2,gold(18,50),not_committed),d(0,gold(17,49),in_my_place)]. Next gold is gold(17,49)
[miner6] Picked gold(17,49), I have 2 pieces of gold
[miner6] All golds=[gold(16,49),gold(18,50)], evaluation=[d(1,gold(16,49),not_committed),d(2,gold(18,50),not_committed)]
[miner6] Gold options are [d(1,gold(16,49),not_committed),d(2,gold(18,50),not_committed)]. Next gold is gold(16,49)
[miner6] Handling gold(16,49) now.
[MiningEnvironment] Cycle 13 finished in 107 ms, mean is 110.
[miner6] Gold perceived: gold(17,49)
[dummy2] picked gold!
[miner6] All golds=[gold(17,49),gold(16,49),gold(18,50)], evaluation=[d(0,gold(17,49),in_my_place),d(1,gold(16,49),not_committed),d(2,gold(18,50),not_committed)]
[miner6] Gold options are [d(0,gold(17,49),in_my_place),d(1,gold(16,49),not_committed),d(2,gold(18,50),not_committed)]. Next gold is gold(17,49)
[miner6] Handling gold(17,49) now.
[MiningEnvironment] Cycle 14 finished in 105 ms, mean is 110.
[dummy3] picked gold!
[MiningEnvironment] Cycle 15 finished in 103 ms, mean is 109.
[miner5] Gold perceived: gold(18,4)
[miner6] Picked gold(17,49), I have 2 pieces of gold
[dummy3] picked gold!
[miner5] All golds=[gold(18,4)], evaluation=[d(2,gold(18,4),not_committed)]
[miner6] All golds=[gold(16,49),gold(18,50)], evaluation=[d(1,gold(16,49),not_committed),d(2,gold(18,50),not_committed)]
[miner5] Gold options are [d(2,gold(18,4),not_committed)]. Next gold is gold(18,4)
[miner6] Gold options are [d(1,gold(16,49),not_committed),d(2,gold(18,50),not_committed)]. Next gold is gold(16,49)
[miner5] Dropping search_gold desires and intentions to handle gold
[miner6] Handling gold(16,49) now.
[miner5] Handling gold(18,4) now.
[MiningEnvironment] Cycle 16 finished in 106 ms, mean is 109.
[miner6] *** Start it all again!
[dummy2] picked gold!
[miner5] Gold perceived: gold(18,5)
[miner6] All golds=[], evaluation=[]
[miner6] Going to depot to deliver 2 golds.
[miner5] All golds=[gold(18,5),gold(18,4)], evaluation=[d(2,gold(18,5),not_committed),d(1,gold(18,4),not_committed)]
[miner5] Gold options are [d(2,gold(18,5),not_committed),d(1,gold(18,4),not_committed)]. Next gold is gold(18,4)
[MiningEnvironment] Cycle 17 finished in 104 ms, mean is 109.
[miner5] Gold perceived: gold(17,4)
[miner5] All golds=[gold(17,4),gold(18,5),gold(18,4)], evaluation=[d(1,gold(17,4),not_committed),d(1,gold(18,5),not_committed),d(0,gold(18,4),in_my_place)]
[miner5] Gold options are [d(1,gold(17,4),not_committed),d(1,gold(18,5),not_committed),d(0,gold(18,4),in_my_place)]. Next gold is gold(18,4)
[MiningEnvironment] Cycle 18 finished in 104 ms, mean is 108.
[miner5] Picked gold(18,4), I have 1 pieces of gold
[miner1] Picked gold(5,17), I have 3 pieces of gold
[dummy1] picked gold!
[dummy3] picked gold!
[miner5] All golds=[gold(17,4),gold(18,5)], evaluation=[d(1,gold(17,4),not_committed),d(1,gold(18,5),not_committed)]
[miner1] Going to depot to deliver 3 golds.
[miner5] Gold options are [d(1,gold(17,4),not_committed),d(1,gold(18,5),not_committed)]. Next gold is gold(17,4)
[miner5] Handling gold(17,4) now.
[MiningEnvironment] Cycle 19 finished in 105 ms, mean is 108.
[dummy2] picked gold!
[MiningEnvironment] Cycle 20 finished in 103 ms, mean is 108.
[miner5] Picked gold(17,4), I have 1 pieces of gold
[miner5] The gold at 18,5 was picked by someone else! Announcing to others.
[miner5] All golds=[], evaluation=[]
[miner5] Going to depot to deliver 1 golds.
[MiningEnvironment] Cycle 21 finished in 109 ms, mean is 108.
[miner5] Gold perceived: gold(17,4)
[miner1] Announcing gold(7,16) to others
[miner5] All golds=[gold(17,4)], evaluation=[d(0,gold(17,4),in_my_place)]
[miner1] Announcing gold(8,16) to others
[miner5] Gold options are [d(0,gold(17,4),in_my_place)]. Next gold is gold(17,4)
[miner5] Handling gold(17,4) now.
[MiningEnvironment] Cycle 22 finished in 105 ms, mean is 108.
[MiningEnvironment] Cycle 23 finished in 102 ms, mean is 108.
[miner5] Picked gold(17,4), I have 2 pieces of gold
[miner1] Announcing gold(9,16) to others
[miner5] All golds=[], evaluation=[]
[miner5] Going to depot to deliver 2 golds.
[MiningEnvironment] Cycle 24 finished in 103 ms, mean is 107.
[miner5] Gold perceived: gold(16,6)
[dummy5] picked gold!
[miner1] Announcing gold(10,17) to others
[miner5] All golds=[gold(16,6)], evaluation=[d(2,gold(16,6),not_committed)]
[miner5] Gold options are [d(2,gold(16,6),not_committed)]. Next gold is gold(16,6)
[miner5] Gold perceived: gold(17,6)
[miner5] All golds=[gold(17,6),gold(16,6)], evaluation=[d(1,gold(17,6),not_committed),d(2,gold(16,6),not_committed)]
[miner5] Gold options are [d(1,gold(17,6),not_committed),d(2,gold(16,6),not_committed)]. Next gold is gold(17,6)
[miner5] Handling gold(17,6) now.
[MiningEnvironment] Cycle 25 finished in 105 ms, mean is 107.
[MiningEnvironment] Cycle 26 finished in 103 ms, mean is 107.
[miner5] Gold perceived: gold(16,7)
[dummy5] picked gold!
[miner5] All golds=[gold(16,7),gold(17,6),gold(16,6)], evaluation=[d(2,gold(16,7),not_committed),d(0,gold(17,6),in_my_place),d(1,gold(16,6),not_committed)]
[miner5] Gold options are [d(2,gold(16,7),not_committed),d(0,gold(17,6),in_my_place),d(1,gold(16,6),not_committed)]. Next gold is gold(17,6)
[MiningEnvironment] Cycle 27 finished in 104 ms, mean is 107.
[miner5] Picked gold(17,6), I have 3 pieces of gold
[miner5] Going to depot to deliver 3 golds.
[miner5] Announcing gold(16,7), since I am going to depot and that gold was not handled by me (although I perceived it).
[miner5] Announcing gold(16,6), since I am going to depot and that gold was not handled by me (although I perceived it).
[MiningEnvironment] Cycle 28 finished in 107 ms, mean is 107.
[MiningEnvironment] Cycle 29 finished in 105 ms, mean is 107.
[miner1] *** Start it all again!
[miner1] Going to depot to deliver 3 golds.
[MiningEnvironment] Cycle 30 finished in 103 ms, mean is 107.
[miner1] Announcing gold(10,17) to others
[MiningEnvironment] Cycle 31 finished in 103 ms, mean is 107.
[miner5] Announcing gold(18,9) to others
[miner1] Announcing gold(8,16) to others
[MiningEnvironment] Cycle 32 finished in 105 ms, mean is 106.
[dummy5] picked gold!
[MiningEnvironment] Cycle 33 finished in 102 ms, mean is 106.
[MiningEnvironment] Cycle 34 finished in 102 ms, mean is 106.
[miner1] Announcing gold(9,16) to others
[MiningEnvironment] Cycle 35 finished in 103 ms, mean is 106.
[MiningEnvironment] Cycle 36 finished in 102 ms, mean is 106.
[miner1] Announcing gold(11,15) to others
[MiningEnvironment] Cycle 37 finished in 104 ms, mean is 106.
[miner4] All golds=[], evaluation=[]
[miner4] New goal is find gold: near_unvisited
[MiningEnvironment] Cycle 38 finished in 108 ms, mean is 106.
[MiningEnvironment] Cycle 39 finished in 102 ms, mean is 106.
[MiningEnvironment] Cycle 40 finished in 102 ms, mean is 106.
[miner5] *** Start it all again!
[miner5] Going to depot to deliver 3 golds.
[MiningEnvironment] Cycle 41 finished in 102 ms, mean is 106.
[MiningEnvironment] Cycle 42 finished in 105 ms, mean is 106.
[miner4] Gold perceived: gold(2,35)
[miner4] All golds=[gold(2,35)], evaluation=[d(2,gold(2,35),not_committed)]
[miner4] Gold options are [d(2,gold(2,35),not_committed)]. Next gold is gold(2,35)
[miner4] Dropping search_gold desires and intentions to handle gold
[miner4] Handling gold(2,35) now.
[MiningEnvironment] Cycle 43 finished in 104 ms, mean is 106.
[miner4] Gold perceived: gold(1,35)
[miner1] Announcing gold(12,13) to others
[miner4] All golds=[gold(1,35),gold(2,35)], evaluation=[d(2,gold(1,35),not_committed),d(1,gold(2,35),not_committed)]
[miner4] Gold options are [d(2,gold(1,35),not_committed),d(1,gold(2,35),not_committed)]. Next gold is gold(2,35)
[MiningEnvironment] Cycle 44 finished in 105 ms, mean is 105.
[miner4] Gold perceived: gold(1,34)
[miner4] All golds=[gold(1,34),gold(1,35),gold(2,35)], evaluation=[d(2,gold(1,34),not_committed),d(1,gold(1,35),not_committed),d(0,gold(2,35),in_my_place)]
[miner4] Gold options are [d(2,gold(1,34),not_committed),d(1,gold(1,35),not_committed),d(0,gold(2,35),in_my_place)]. Next gold is gold(2,35)
[MiningEnvironment] Cycle 45 finished in 104 ms, mean is 105.
[miner5] Announcing gold(18,9) to others
[miner4] Picked gold(2,35), I have 1 pieces of gold
[miner4] All golds=[gold(1,34),gold(1,35)], evaluation=[d(2,gold(1,34),not_committed),d(1,gold(1,35),not_committed)]
[miner4] Gold options are [d(2,gold(1,34),not_committed),d(1,gold(1,35),not_committed)]. Next gold is gold(1,35)
[miner4] Handling gold(1,35) now.
[MiningEnvironment] Cycle 46 finished in 104 ms, mean is 105.
[MiningEnvironment] Cycle 47 finished in 102 ms, mean is 105.
[miner4] Picked gold(1,35), I have 2 pieces of gold
[miner4] All golds=[gold(1,34)], evaluation=[d(1,gold(1,34),not_committed)]
[miner4] Gold options are [d(1,gold(1,34),not_committed)]. Next gold is gold(1,34)
[miner4] Handling gold(1,34) now.
[MiningEnvironment] Cycle 48 finished in 107 ms, mean is 105.
[MiningEnvironment] Cycle 49 finished in 102 ms, mean is 105.
[miner4] Picked gold(1,34), I have 2 pieces of gold
[miner4] All golds=[], evaluation=[]
[miner4] Going to depot to deliver 2 golds.
[MiningEnvironment] Cycle 50 finished in 104 ms, mean is 105.
[miner4] Gold perceived: gold(1,34)
[miner4] All golds=[gold(1,34)], evaluation=[d(0,gold(1,34),in_my_place)]
[miner4] Gold options are [d(0,gold(1,34),in_my_place)]. Next gold is gold(1,34)
[miner4] Handling gold(1,34) now.
[MiningEnvironment] Cycle 51 finished in 104 ms, mean is 105.
[miner4] Picked gold(1,34), I have 3 pieces of gold
[miner4] Going to depot to deliver 3 golds.
[MiningEnvironment] Cycle 52 finished in 103 ms, mean is 105.
[MiningEnvironment] Cycle 53 finished in 102 ms, mean is 105.
[miner5] Announcing gold(19,7) to others
[MiningEnvironment] Cycle 54 finished in 102 ms, mean is 105.
[MiningEnvironment] Cycle 55 finished in 103 ms, mean is 105.
[MiningEnvironment] Cycle 56 finished in 101 ms, mean is 105.
[MiningEnvironment] Cycle 57 finished in 103 ms, mean is 105.
[MiningEnvironment] Cycle 58 finished in 102 ms, mean is 105.
[MiningEnvironment] Cycle 59 finished in 103 ms, mean is 105.
[WorldModel] Agent 12 carried 2 golds to depot!
[MiningEnvironment] Cycle 60 finished in 102 ms, mean is 105.
[miner6] All golds=[], evaluation=[]
[miner6] New goal is find gold: near_unvisited
[MiningEnvironment] Cycle 61 finished in 103 ms, mean is 105.
[MiningEnvironment] Cycle 62 finished in 102 ms, mean is 105.
[miner2] Gold perceived: gold(33,10)
[miner2] All golds=[gold(33,10),gold(19,7),gold(12,13),gold(11,15),gold(18,9),gold(16,6),gold(16,7),gold(10,17),gold(9,16),gold(8,16),gold(7,16)], evaluation=[d(6,gold(33,10),not_committed),d(18,gold(19,7),not_committed),d(24,gold(12,13),not_committed),d(27,gold(11,15),not_committed),d(19,gold(18,9),not_committed),d(23,gold(16,6),not_committed),d(22,gold(16,7),not_committed),d(30,gold(10,17),not_committed),d(30,gold(9,16),not_committed),d(31,gold(8,16),not_committed),d(33,gold(7,16),not_committed)]
[miner2] Gold options are [d(6,gold(33,10),not_committed),d(18,gold(19,7),not_committed),d(24,gold(12,13),not_committed),d(27,gold(11,15),not_committed),d(19,gold(18,9),not_committed),d(23,gold(16,6),not_committed),d(22,gold(16,7),not_committed),d(30,gold(10,17),not_committed),d(30,gold(9,16),not_committed),d(31,gold(8,16),not_committed),d(33,gold(7,16),not_committed)]. Next gold is gold(33,10)
[miner2] Dropping around(_,_) desires and intentions to handle gold
[miner2] Handling gold(33,10) now.
[MiningEnvironment] Cycle 63 finished in 108 ms, mean is 105.
[MiningEnvironment] Cycle 64 finished in 102 ms, mean is 105.
[MiningEnvironment] Cycle 65 finished in 101 ms, mean is 105.
[MiningEnvironment] Cycle 66 finished in 103 ms, mean is 105.
[MiningEnvironment] Cycle 67 finished in 103 ms, mean is 104.
[MiningEnvironment] Cycle 68 finished in 104 ms, mean is 104.
[MiningEnvironment] Cycle 69 finished in 103 ms, mean is 104.
[MiningEnvironment] Cycle 70 finished in 101 ms, mean is 104.
[MiningEnvironment] Cycle 71 finished in 101 ms, mean is 104.
[MiningEnvironment] Cycle 72 finished in 105 ms, mean is 104.
[MiningEnvironment] Cycle 73 finished in 105 ms, mean is 104.
[MiningEnvironment] Cycle 74 finished in 104 ms, mean is 104.
[MiningEnvironment] Cycle 75 finished in 108 ms, mean is 104.
[miner2] Gold perceived: gold(37,12)
[miner2] All golds=[gold(37,12),gold(33,10),gold(19,7),gold(12,13),gold(11,15),gold(18,9),gold(16,6),gold(16,7),gold(10,17),gold(9,16),gold(8,16),gold(7,16)], evaluation=[d(2,gold(37,12),not_committed),d(6,gold(33,10),not_committed),d(25,gold(19,7),not_committed),d(28,gold(12,13),not_committed),d(29,gold(11,15),not_committed),d(26,gold(18,9),not_committed),d(29,gold(16,6),not_committed),d(28,gold(16,7),not_committed),d(33,gold(10,17),not_committed),d(33,gold(9,16),not_committed),d(34,gold(8,16),not_committed),d(35,gold(7,16),not_committed)]
[miner2] Gold options are [d(2,gold(37,12),not_committed),d(6,gold(33,10),not_committed),d(25,gold(19,7),not_committed),d(28,gold(12,13),not_committed),d(29,gold(11,15),not_committed),d(26,gold(18,9),not_committed),d(29,gold(16,6),not_committed),d(28,gold(16,7),not_committed),d(33,gold(10,17),not_committed),d(33,gold(9,16),not_committed),d(34,gold(8,16),not_committed),d(35,gold(7,16),not_committed)]. Next gold is gold(37,12)
[miner2] Handling gold(37,12) now.
[MiningEnvironment] Cycle 76 finished in 110 ms, mean is 104.
[miner2] Gold perceived: gold(35,11)
[miner2] All golds=[gold(35,11),gold(37,12),gold(33,10),gold(19,7),gold(12,13),gold(11,15),gold(18,9),gold(16,6),gold(16,7),gold(10,17),gold(9,16),gold(8,16),gold(7,16)], evaluation=[d(2,gold(35,11),not_committed),d(1,gold(37,12),not_committed),d(5,gold(33,10),not_committed),d(24,gold(19,7),not_committed),d(29,gold(12,13),not_committed),d(30,gold(11,15),not_committed),d(25,gold(18,9),not_committed),d(28,gold(16,6),not_committed),d(27,gold(16,7),not_committed),d(34,gold(10,17),not_committed),d(34,gold(9,16),not_committed),d(35,gold(8,16),not_committed),d(36,gold(7,16),not_committed)]
[miner2] Gold options are [d(2,gold(35,11),not_committed),d(1,gold(37,12),not_committed),d(5,gold(33,10),not_committed),d(24,gold(19,7),not_committed),d(29,gold(12,13),not_committed),d(30,gold(11,15),not_committed),d(25,gold(18,9),not_committed),d(28,gold(16,6),not_committed),d(27,gold(16,7),not_committed),d(34,gold(10,17),not_committed),d(34,gold(9,16),not_committed),d(35,gold(8,16),not_committed),d(36,gold(7,16),not_committed)]. Next gold is gold(37,12)
[MiningEnvironment] Cycle 77 finished in 111 ms, mean is 105.
[miner2] Gold perceived: gold(38,11)
[miner2] All golds=[gold(38,11),gold(35,11),gold(37,12),gold(33,10),gold(19,7),gold(12,13),gold(11,15),gold(18,9),gold(16,6),gold(16,7),gold(10,17),gold(9,16),gold(8,16),gold(7,16)], evaluation=[d(2,gold(38,11),not_committed),d(3,gold(35,11),not_committed),d(0,gold(37,12),in_my_place),d(6,gold(33,10),not_committed),d(25,gold(19,7),not_committed),d(30,gold(12,13),not_committed),d(31,gold(11,15),not_committed),d(26,gold(18,9),not_committed),d(29,gold(16,6),not_committed),d(28,gold(16,7),not_committed),d(35,gold(10,17),not_committed),d(35,gold(9,16),not_committed),d(36,gold(8,16),not_committed),d(37,gold(7,16),not_committed)]
[miner2] Gold options are [d(2,gold(38,11),not_committed),d(3,gold(35,11),not_committed),d(0,gold(37,12),in_my_place),d(6,gold(33,10),not_committed),d(25,gold(19,7),not_committed),d(30,gold(12,13),not_committed),d(31,gold(11,15),not_committed),d(26,gold(18,9),not_committed),d(29,gold(16,6),not_committed),d(28,gold(16,7),not_committed),d(35,gold(10,17),not_committed),d(35,gold(9,16),not_committed),d(36,gold(8,16),not_committed),d(37,gold(7,16),not_committed)]. Next gold is gold(37,12)
[miner2] Gold perceived: gold(38,13)
[miner2] All golds=[gold(38,13),gold(38,11),gold(35,11),gold(37,12),gold(33,10),gold(19,7),gold(12,13),gold(11,15),gold(18,9),gold(16,6),gold(16,7),gold(10,17),gold(9,16),gold(8,16),gold(7,16)], evaluation=[d(2,gold(38,13),not_committed),d(2,gold(38,11),not_committed),d(3,gold(35,11),not_committed),d(0,gold(37,12),in_my_place),d(6,gold(33,10),not_committed),d(25,gold(19,7),not_committed),d(30,gold(12,13),not_committed),d(31,gold(11,15),not_committed),d(26,gold(18,9),not_committed),d(29,gold(16,6),not_committed),d(28,gold(16,7),not_committed),d(35,gold(10,17),not_committed),d(35,gold(9,16),not_committed),d(36,gold(8,16),not_committed),d(37,gold(7,16),not_committed)]
[miner2] Gold options are [d(2,gold(38,13),not_committed),d(2,gold(38,11),not_committed),d(3,gold(35,11),not_committed),d(0,gold(37,12),in_my_place),d(6,gold(33,10),not_committed),d(25,gold(19,7),not_committed),d(30,gold(12,13),not_committed),d(31,gold(11,15),not_committed),d(26,gold(18,9),not_committed),d(29,gold(16,6),not_committed),d(28,gold(16,7),not_committed),d(35,gold(10,17),not_committed),d(35,gold(9,16),not_committed),d(36,gold(8,16),not_committed),d(37,gold(7,16),not_committed)]. Next gold is gold(37,12)
[miner2] Picked gold(37,12), I have 0 pieces of gold
[miner2] All golds=[gold(38,13),gold(38,11),gold(35,11),gold(33,10),gold(19,7),gold(12,13),gold(11,15),gold(18,9),gold(16,6),gold(16,7),gold(10,17),gold(9,16),gold(8,16),gold(7,16)], evaluation=[d(2,gold(38,13),not_committed),d(2,gold(38,11),not_committed),d(3,gold(35,11),not_committed),d(6,gold(33,10),not_committed),d(25,gold(19,7),not_committed),d(30,gold(12,13),not_committed),d(31,gold(11,15),not_committed),d(26,gold(18,9),not_committed),d(29,gold(16,6),not_committed),d(28,gold(16,7),not_committed),d(35,gold(10,17),not_committed),d(35,gold(9,16),not_committed),d(36,gold(8,16),not_committed),d(37,gold(7,16),not_committed)]
[miner2] Gold options are [d(2,gold(38,13),not_committed),d(2,gold(38,11),not_committed),d(3,gold(35,11),not_committed),d(6,gold(33,10),not_committed),d(25,gold(19,7),not_committed),d(30,gold(12,13),not_committed),d(31,gold(11,15),not_committed),d(26,gold(18,9),not_committed),d(29,gold(16,6),not_committed),d(28,gold(16,7),not_committed),d(35,gold(10,17),not_committed),d(35,gold(9,16),not_committed),d(36,gold(8,16),not_committed),d(37,gold(7,16),not_committed)]. Next gold is gold(38,11)
[miner2] Handling gold(38,11) now.
[MiningEnvironment] Cycle 78 finished in 31 ms, mean is 104.
